This is pdfTeX, Version 3.141592653-2.6-1.40.25 (MiKTeX 24.1) (preloaded format=pdflatex 2024.12.11)  12 DEC 2024 01:25
entering extended mode
 restricted \write18 enabled.
 file:line:error style messages enabled.
 %&-line parsing enabled.
**"c:/Users/yanko/Documents/2024-2/Taller integrador/repositorio/Deteccion-de-anomal-as-cardiacas/reporte.tex"
(c:/Users/yanko/Documents/2024-2/Taller integrador/repositorio/Deteccion-de-anomal-as-cardiacas/reporte.tex
LaTeX2e <2023-11-01> patch level 1
L3 programming layer <2024-01-04>
(C:\Users\yanko\AppData\Local\Programs\MiKTeX\tex/latex/ieeetran\IEEEtran.cls
Document Class: IEEEtran 2015/08/26 V1.8b by Michael Shell
-- See the "IEEEtran_HOWTO" manual for usage information.
-- http://www.michaelshell.org/tex/ieeetran/
\@IEEEtrantmpdimenA=\dimen140
\@IEEEtrantmpdimenB=\dimen141
\@IEEEtrantmpdimenC=\dimen142
\@IEEEtrantmpcountA=\count187
\@IEEEtrantmpcountB=\count188
\@IEEEtrantmpcountC=\count189
\@IEEEtrantmptoksA=\toks17
LaTeX Font Info:    Trying to load font information for OT1+ptm on input line 503.
(C:\Users\yanko\AppData\Local\Programs\MiKTeX\tex/latex/psnfss\ot1ptm.fd
File: ot1ptm.fd 2001/06/04 font definitions for OT1/ptm.
)
-- Using 8.5in x 11in (letter) paper.
-- Using PDF output.
\@IEEEnormalsizeunitybaselineskip=\dimen143
-- This is a 10 point document.
\CLASSINFOnormalsizebaselineskip=\dimen144
\CLASSINFOnormalsizeunitybaselineskip=\dimen145
\IEEEnormaljot=\dimen146
LaTeX Font Info:    Font shape `OT1/ptm/bx/n' in size <5> not available
(Font)              Font shape `OT1/ptm/b/n' tried instead on input line 1090.
LaTeX Font Info:    Font shape `OT1/ptm/bx/it' in size <5> not available
(Font)              Font shape `OT1/ptm/b/it' tried instead on input line 1090.
LaTeX Font Info:    Font shape `OT1/ptm/bx/n' in size <7> not available
(Font)              Font shape `OT1/ptm/b/n' tried instead on input line 1090.
LaTeX Font Info:    Font shape `OT1/ptm/bx/it' in size <7> not available
(Font)              Font shape `OT1/ptm/b/it' tried instead on input line 1090.
LaTeX Font Info:    Font shape `OT1/ptm/bx/n' in size <8> not available
(Font)              Font shape `OT1/ptm/b/n' tried instead on input line 1090.
LaTeX Font Info:    Font shape `OT1/ptm/bx/it' in size <8> not available
(Font)              Font shape `OT1/ptm/b/it' tried instead on input line 1090.
LaTeX Font Info:    Font shape `OT1/ptm/bx/n' in size <9> not available
(Font)              Font shape `OT1/ptm/b/n' tried instead on input line 1090.
LaTeX Font Info:    Font shape `OT1/ptm/bx/it' in size <9> not available
(Font)              Font shape `OT1/ptm/b/it' tried instead on input line 1090.
LaTeX Font Info:    Font shape `OT1/ptm/bx/n' in size <10> not available
(Font)              Font shape `OT1/ptm/b/n' tried instead on input line 1090.
LaTeX Font Info:    Font shape `OT1/ptm/bx/it' in size <10> not available
(Font)              Font shape `OT1/ptm/b/it' tried instead on input line 1090.
LaTeX Font Info:    Font shape `OT1/ptm/bx/n' in size <11> not available
(Font)              Font shape `OT1/ptm/b/n' tried instead on input line 1090.
LaTeX Font Info:    Font shape `OT1/ptm/bx/it' in size <11> not available
(Font)              Font shape `OT1/ptm/b/it' tried instead on input line 1090.
LaTeX Font Info:    Font shape `OT1/ptm/bx/n' in size <12> not available
(Font)              Font shape `OT1/ptm/b/n' tried instead on input line 1090.
LaTeX Font Info:    Font shape `OT1/ptm/bx/it' in size <12> not available
(Font)              Font shape `OT1/ptm/b/it' tried instead on input line 1090.
LaTeX Font Info:    Font shape `OT1/ptm/bx/n' in size <17> not available
(Font)              Font shape `OT1/ptm/b/n' tried instead on input line 1090.
LaTeX Font Info:    Font shape `OT1/ptm/bx/it' in size <17> not available
(Font)              Font shape `OT1/ptm/b/it' tried instead on input line 1090.
LaTeX Font Info:    Font shape `OT1/ptm/bx/n' in size <20> not available
(Font)              Font shape `OT1/ptm/b/n' tried instead on input line 1090.
LaTeX Font Info:    Font shape `OT1/ptm/bx/it' in size <20> not available
(Font)              Font shape `OT1/ptm/b/it' tried instead on input line 1090.
LaTeX Font Info:    Font shape `OT1/ptm/bx/n' in size <24> not available
(Font)              Font shape `OT1/ptm/b/n' tried instead on input line 1090.
LaTeX Font Info:    Font shape `OT1/ptm/bx/it' in size <24> not available
(Font)              Font shape `OT1/ptm/b/it' tried instead on input line 1090.
\IEEEquantizedlength=\dimen147
\IEEEquantizedlengthdiff=\dimen148
\IEEEquantizedtextheightdiff=\dimen149
\IEEEilabelindentA=\dimen150
\IEEEilabelindentB=\dimen151
\IEEEilabelindent=\dimen152
\IEEEelabelindent=\dimen153
\IEEEdlabelindent=\dimen154
\IEEElabelindent=\dimen155
\IEEEiednormlabelsep=\dimen156
\IEEEiedmathlabelsep=\dimen157
\IEEEiedtopsep=\skip48
\c@section=\count190
\c@subsection=\count191
\c@subsubsection=\count192
\c@paragraph=\count193
\c@IEEEsubequation=\count194
\abovecaptionskip=\skip49
\belowcaptionskip=\skip50
\c@figure=\count195
\c@table=\count196
\@IEEEeqnnumcols=\count197
\@IEEEeqncolcnt=\count198
\@IEEEsubeqnnumrollback=\count199
\@IEEEquantizeheightA=\dimen158
\@IEEEquantizeheightB=\dimen159
\@IEEEquantizeheightC=\dimen160
\@IEEEquantizeprevdepth=\dimen161
\@IEEEquantizemultiple=\count266
\@IEEEquantizeboxA=\box51
\@IEEEtmpitemindent=\dimen162
\IEEEPARstartletwidth=\dimen163
\c@IEEEbiography=\count267
\@IEEEtranrubishbin=\box52
)
** ATTENTION: Overriding command lockouts (line 2).
(C:\Users\yanko\AppData\Local\Programs\MiKTeX\tex/latex/cite\cite.sty
LaTeX Info: Redefining \cite on input line 302.
LaTeX Info: Redefining \nocite on input line 332.
Package: cite 2015/02/27  v 5.5
) (C:\Users\yanko\AppData\Local\Programs\MiKTeX\tex/latex/amsmath\amsmath.sty
Package: amsmath 2023/05/13 v2.17o AMS math features
\@mathmargin=\skip51

For additional information on amsmath, use the `?' option.
(C:\Users\yanko\AppData\Local\Programs\MiKTeX\tex/latex/amsmath\amstext.sty
Package: amstext 2021/08/26 v2.01 AMS text
 (C:\Users\yanko\AppData\Local\Programs\MiKTeX\tex/latex/amsmath\amsgen.sty
File: amsgen.sty 1999/11/30 v2.0 generic functions
\@emptytoks=\toks18
\ex@=\dimen164
)) (C:\Users\yanko\AppData\Local\Programs\MiKTeX\tex/latex/amsmath\amsbsy.sty
Package: amsbsy 1999/11/29 v1.2d Bold Symbols
\pmbraise@=\dimen165
) (C:\Users\yanko\AppData\Local\Programs\MiKTeX\tex/latex/amsmath\amsopn.sty
Package: amsopn 2022/04/08 v2.04 operator names
)
\inf@bad=\count268
LaTeX Info: Redefining \frac on input line 234.
\uproot@=\count269
\leftroot@=\count270
LaTeX Info: Redefining \overline on input line 399.
LaTeX Info: Redefining \colon on input line 410.
\classnum@=\count271
\DOTSCASE@=\count272
LaTeX Info: Redefining \ldots on input line 496.
LaTeX Info: Redefining \dots on input line 499.
LaTeX Info: Redefining \cdots on input line 620.
\Mathstrutbox@=\box53
\strutbox@=\box54
LaTeX Info: Redefining \big on input line 722.
LaTeX Info: Redefining \Big on input line 723.
LaTeX Info: Redefining \bigg on input line 724.
LaTeX Info: Redefining \Bigg on input line 725.
\big@size=\dimen166
LaTeX Font Info:    Redeclaring font encoding OML on input line 743.
LaTeX Font Info:    Redeclaring font encoding OMS on input line 744.
\macc@depth=\count273
LaTeX Info: Redefining \bmod on input line 905.
LaTeX Info: Redefining \pmod on input line 910.
LaTeX Info: Redefining \smash on input line 940.
LaTeX Info: Redefining \relbar on input line 970.
LaTeX Info: Redefining \Relbar on input line 971.
\c@MaxMatrixCols=\count274
\dotsspace@=\muskip16
\c@parentequation=\count275
\dspbrk@lvl=\count276
\tag@help=\toks19
\row@=\count277
\column@=\count278
\maxfields@=\count279
\andhelp@=\toks20
\eqnshift@=\dimen167
\alignsep@=\dimen168
\tagshift@=\dimen169
\tagwidth@=\dimen170
\totwidth@=\dimen171
\lineht@=\dimen172
\@envbody=\toks21
\multlinegap=\skip52
\multlinetaggap=\skip53
\mathdisplay@stack=\toks22
LaTeX Info: Redefining \[ on input line 2953.
LaTeX Info: Redefining \] on input line 2954.
) (C:\Users\yanko\AppData\Local\Programs\MiKTeX\tex/latex/amsfonts\amssymb.sty
Package: amssymb 2013/01/14 v3.01 AMS font symbols
 (C:\Users\yanko\AppData\Local\Programs\MiKTeX\tex/latex/amsfonts\amsfonts.sty
Package: amsfonts 2013/01/14 v3.01 Basic AMSFonts support
\symAMSa=\mathgroup4
\symAMSb=\mathgroup5
LaTeX Font Info:    Redeclaring math symbol \hbar on input line 98.
LaTeX Font Info:    Overwriting math alphabet `\mathfrak' in version `bold'
(Font)                  U/euf/m/n --> U/euf/b/n on input line 106.
)) (C:\Users\yanko\AppData\Local\Programs\MiKTeX\tex/latex/algorithms\algorithmic.sty
Package: algorithmic 2009/08/24 v0.1 Document Style `algorithmic'
 (C:\Users\yanko\AppData\Local\Programs\MiKTeX\tex/latex/base\ifthen.sty
Package: ifthen 2022/04/13 v1.1d Standard LaTeX ifthen package (DPC)
) (C:\Users\yanko\AppData\Local\Programs\MiKTeX\tex/latex/graphics\keyval.sty
Package: keyval 2022/05/29 v1.15 key=value parser (DPC)
\KV@toks@=\toks23
)
\c@ALC@unique=\count280
\c@ALC@line=\count281
\c@ALC@rem=\count282
\c@ALC@depth=\count283
\ALC@tlm=\skip54
\algorithmicindent=\skip55
) (C:\Users\yanko\AppData\Local\Programs\MiKTeX\tex/latex/graphics\graphicx.sty
Package: graphicx 2021/09/16 v1.2d Enhanced LaTeX Graphics (DPC,SPQR)
 (C:\Users\yanko\AppData\Local\Programs\MiKTeX\tex/latex/graphics\graphics.sty
Package: graphics 2022/03/10 v1.4e Standard LaTeX Graphics (DPC,SPQR)
 (C:\Users\yanko\AppData\Local\Programs\MiKTeX\tex/latex/graphics\trig.sty
Package: trig 2021/08/11 v1.11 sin cos tan (DPC)
) (C:\Users\yanko\AppData\Local\Programs\MiKTeX\tex/latex/graphics-cfg\graphics.cfg
File: graphics.cfg 2016/06/04 v1.11 sample graphics configuration
)
Package graphics Info: Driver file: pdftex.def on input line 107.
 (C:\Users\yanko\AppData\Local\Programs\MiKTeX\tex/latex/graphics-def\pdftex.def
File: pdftex.def 2022/09/22 v1.2b Graphics/color driver for pdftex
))
\Gin@req@height=\dimen173
\Gin@req@width=\dimen174
) (C:\Users\yanko\AppData\Local\Programs\MiKTeX\tex/latex/base\textcomp.sty
Package: textcomp 2020/02/02 v2.0n Standard LaTeX package
) (C:\Users\yanko\AppData\Local\Programs\MiKTeX\tex/latex/xcolor\xcolor.sty
Package: xcolor 2023/11/15 v3.01 LaTeX color extensions (UK)
 (C:\Users\yanko\AppData\Local\Programs\MiKTeX\tex/latex/graphics-cfg\color.cfg
File: color.cfg 2016/01/02 v1.6 sample color configuration
)
Package xcolor Info: Driver file: pdftex.def on input line 274.
 (C:\Users\yanko\AppData\Local\Programs\MiKTeX\tex/latex/graphics\mathcolor.ltx)
Package xcolor Info: Model `cmy' substituted by `cmy0' on input line 1350.
Package xcolor Info: Model `hsb' substituted by `rgb' on input line 1354.
Package xcolor Info: Model `RGB' extended on input line 1366.
Package xcolor Info: Model `HTML' substituted by `rgb' on input line 1368.
Package xcolor Info: Model `Hsb' substituted by `hsb' on input line 1369.
Package xcolor Info: Model `tHsb' substituted by `hsb' on input line 1370.
Package xcolor Info: Model `HSB' substituted by `hsb' on input line 1371.
Package xcolor Info: Model `Gray' substituted by `gray' on input line 1372.
Package xcolor Info: Model `wave' substituted by `hsb' on input line 1373.
) (C:\Users\yanko\AppData\Local\Programs\MiKTeX\tex/latex/float\float.sty
Package: float 2001/11/08 v1.3d Float enhancements (AL)
\c@float@type=\count284
\float@exts=\toks24
\float@box=\box55
\@float@everytoks=\toks25
\@floatcapt=\box56
) (C:\Users\yanko\AppData\Local\Programs\MiKTeX\tex/latex/l3backend\l3backend-pdftex.def
File: l3backend-pdftex.def 2024-01-04 L3 backend support: PDF output (pdfTeX)
\l__color_backend_stack_int=\count285
\l__pdf_internal_box=\box57
) (c:\Users\yanko\Documents\2024-2\Taller integrador\repositorio\Deteccion-de-anomal-as-cardiacas\build\reporte.aux

LaTeX Warning: Label `fig' multiply defined.

)
\openout1 = `reporte.aux'.

LaTeX Font Info:    Checking defaults for OML/cmm/m/it on input line 13.
LaTeX Font Info:    ... okay on input line 13.
LaTeX Font Info:    Checking defaults for OMS/cmsy/m/n on input line 13.
LaTeX Font Info:    ... okay on input line 13.
LaTeX Font Info:    Checking defaults for OT1/cmr/m/n on input line 13.
LaTeX Font Info:    ... okay on input line 13.
LaTeX Font Info:    Checking defaults for T1/cmr/m/n on input line 13.
LaTeX Font Info:    ... okay on input line 13.
LaTeX Font Info:    Checking defaults for TS1/cmr/m/n on input line 13.
LaTeX Font Info:    ... okay on input line 13.
LaTeX Font Info:    Checking defaults for OMX/cmex/m/n on input line 13.
LaTeX Font Info:    ... okay on input line 13.
LaTeX Font Info:    Checking defaults for U/cmr/m/n on input line 13.
LaTeX Font Info:    ... okay on input line 13.

-- Lines per column: 56 (exact).
(C:\Users\yanko\AppData\Local\Programs\MiKTeX\tex/context/base/mkii\supp-pdf.mkii
[Loading MPS to PDF converter (version 2006.09.02).]
\scratchcounter=\count286
\scratchdimen=\dimen175
\scratchbox=\box58
\nofMPsegments=\count287
\nofMParguments=\count288
\everyMPshowfont=\toks26
\MPscratchCnt=\count289
\MPscratchDim=\dimen176
\MPnumerator=\count290
\makeMPintoPDFobject=\count291
\everyMPtoPDFconversion=\toks27
) (C:\Users\yanko\AppData\Local\Programs\MiKTeX\tex/latex/epstopdf-pkg\epstopdf-base.sty
Package: epstopdf-base 2020-01-24 v2.11 Base part for package epstopdf
Package epstopdf-base Info: Redefining graphics rule for `.eps' on input line 485.
 (C:\Users\yanko\AppData\Local\Programs\MiKTeX\tex/latex/00miktex\epstopdf-sys.cfg
File: epstopdf-sys.cfg 2021/03/18 v2.0 Configuration of epstopdf for MiKTeX
))
Underfull \hbox (badness 1406) in paragraph at lines 46--49
[]\OT1/ptm/b/it/9 Index Terms\OT1/ptm/b/n/9 ---diagn[]ostico de ECG, de-tecci[]on de ries-gos
 []

<./graficos/hallazgosNEADB.png, id=1, 608.5134pt x 463.2507pt>
File: ./graficos/hallazgosNEADB.png Graphic file (type png)
<use ./graficos/hallazgosNEADB.png>
Package pdftex.def Info: ./graficos/hallazgosNEADB.png  used on input line 101.
(pdftex.def)             Requested size: 258.0pt x 196.40887pt.

Overfull \hbox (6.0pt too wide) in paragraph at lines 101--102
[][] 
 []

<./graficos/hallazgosLUDB.png, id=3, 607.7907pt x 463.2507pt>
File: ./graficos/hallazgosLUDB.png Graphic file (type png)
<use ./graficos/hallazgosLUDB.png>
Package pdftex.def Info: ./graficos/hallazgosLUDB.png  used on input line 106.
(pdftex.def)             Requested size: 258.0pt x 196.64214pt.

Overfull \hbox (6.0pt too wide) in paragraph at lines 106--107
[][] 
 []


Underfull \vbox (badness 10000) has occurred while \output is active []

 [1{C:/Users/yanko/AppData/Local/MiKTeX/fonts/map/pdftex/pdftex.map}{C:/Users/yanko/AppData/Local/Programs/MiKTeX/fonts/enc/dvips/base/8r.enc}


]
<./graficos/Tabla1HallazgosHabituales.jpg, id=12, 521.69907pt x 600.74437pt>
File: ./graficos/Tabla1HallazgosHabituales.jpg Graphic file (type jpg)
<use ./graficos/Tabla1HallazgosHabituales.jpg>
Package pdftex.def Info: ./graficos/Tabla1HallazgosHabituales.jpg  used on input line 126.
(pdftex.def)             Requested size: 258.0pt x 297.0898pt.

Overfull \hbox (6.0pt too wide) in paragraph at lines 126--127
[][] 
 []

<./graficos/Tabla2HallazgosBorderline.jpg, id=13, 470.50781pt x 347.04657pt>
File: ./graficos/Tabla2HallazgosBorderline.jpg Graphic file (type jpg)
<use ./graficos/Tabla2HallazgosBorderline.jpg>
Package pdftex.def Info: ./graficos/Tabla2HallazgosBorderline.jpg  used on input line 131.
(pdftex.def)             Requested size: 258.0pt x 190.29898pt.

Overfull \hbox (6.0pt too wide) in paragraph at lines 131--132
[][] 
 []

<./graficos/Tabla3HallazgosAnormales.jpg, id=14, 523.9575pt x 617.30624pt>
File: ./graficos/Tabla3HallazgosAnormales.jpg Graphic file (type jpg)
<use ./graficos/Tabla3HallazgosAnormales.jpg>
Package pdftex.def Info: ./graficos/Tabla3HallazgosAnormales.jpg  used on input line 136.
(pdftex.def)             Requested size: 258.0pt x 303.97096pt.

Overfull \hbox (6.0pt too wide) in paragraph at lines 136--137
[][] 
 []


Underfull \vbox (badness 10000) has occurred while \output is active []

 [2 <./graficos/hallazgosNEADB.png> <./graficos/hallazgosLUDB.png> <./graficos/Tabla1HallazgosHabituales.jpg> <./graficos/Tabla2HallazgosBorderline.jpg>]
<./graficos/diagnosticoGeneralNEADB.png, id=20, 607.7907pt x 345.4506pt>
File: ./graficos/diagnosticoGeneralNEADB.png Graphic file (type png)
<use ./graficos/diagnosticoGeneralNEADB.png>
Package pdftex.def Info: ./graficos/diagnosticoGeneralNEADB.png  used on input line 147.
(pdftex.def)             Requested size: 258.0pt x 146.63797pt.

Overfull \hbox (6.0pt too wide) in paragraph at lines 147--148
[][] 
 []

<./graficos/diagnosticoGeneraLUDB.png, id=21, 607.7907pt x 345.4506pt>
File: ./graficos/diagnosticoGeneraLUDB.png Graphic file (type png)
<use ./graficos/diagnosticoGeneraLUDB.png>
Package pdftex.def Info: ./graficos/diagnosticoGeneraLUDB.png  used on input line 152.
(pdftex.def)             Requested size: 258.0pt x 146.63797pt.

Overfull \hbox (6.0pt too wide) in paragraph at lines 152--153
[][] 
 []


Underfull \vbox (badness 10000) has occurred while \output is active []

<./graficos/graficoPCA.png, id=22, 794.97pt x 506.6127pt>
File: ./graficos/graficoPCA.png Graphic file (type png)
<use ./graficos/graficoPCA.png>
Package pdftex.def Info: ./graficos/graficoPCA.png  used on input line 166.
(pdftex.def)             Requested size: 258.0pt x 164.41525pt.

Overfull \hbox (6.0pt too wide) in paragraph at lines 166--167
[][] 
 []

[3 <./graficos/Tabla3HallazgosAnormales.jpg> <./graficos/diagnosticoGeneralNEADB.png> <./graficos/diagnosticoGeneraLUDB.png> <./graficos/graficoPCA.png>]
<./graficos/comparacionModelosClasificacion.png, id=29, 712.5822pt x 505.89pt>
File: ./graficos/comparacionModelosClasificacion.png Graphic file (type png)
<use ./graficos/comparacionModelosClasificacion.png>
Package pdftex.def Info: ./graficos/comparacionModelosClasificacion.png  used on input line 187.
(pdftex.def)             Requested size: 258.0pt x 183.16235pt.

Overfull \hbox (6.0pt too wide) in paragraph at lines 187--188
[][] 
 []

<./graficos/comparacionKNN.png, id=30, 712.5822pt x 505.89pt>
File: ./graficos/comparacionKNN.png Graphic file (type png)
<use ./graficos/comparacionKNN.png>
Package pdftex.def Info: ./graficos/comparacionKNN.png  used on input line 240.
(pdftex.def)             Requested size: 258.0pt x 183.16235pt.

Overfull \hbox (6.0pt too wide) in paragraph at lines 240--241
[][] 
 []

[4 <./graficos/comparacionModelosClasificacion.png> <./graficos/comparacionKNN.png>]
<./graficos/matrizConfusionAtletas.png, id=36, 471.9231pt x 396.0396pt>
File: ./graficos/matrizConfusionAtletas.png Graphic file (type png)
<use ./graficos/matrizConfusionAtletas.png>
Package pdftex.def Info: ./graficos/matrizConfusionAtletas.png  used on input line 257.
(pdftex.def)             Requested size: 258.0pt x 216.51714pt.

Overfull \hbox (6.0pt too wide) in paragraph at lines 257--258
[][] 
 []

<./graficos/matrizConfusionAtletasSL12.png, id=37, 538.4115pt x 426.393pt>
File: ./graficos/matrizConfusionAtletasSL12.png Graphic file (type png)
<use ./graficos/matrizConfusionAtletasSL12.png>
Package pdftex.def Info: ./graficos/matrizConfusionAtletasSL12.png  used on input line 277.
(pdftex.def)             Requested size: 258.0pt x 204.32147pt.

Overfull \hbox (6.0pt too wide) in paragraph at lines 277--278
[][] 
 []


Underfull \vbox (badness 4913) has occurred while \output is active []

<./graficos/metricasDTW.png, id=38, 706.0779pt x 427.8384pt>
File: ./graficos/metricasDTW.png Graphic file (type png)
<use ./graficos/metricasDTW.png>
Package pdftex.def Info: ./graficos/metricasDTW.png  used on input line 289.
(pdftex.def)             Requested size: 258.0pt x 156.3327pt.

Overfull \hbox (6.0pt too wide) in paragraph at lines 289--290
[][] 
 []

File: ./graficos/graficoPCA.png Graphic file (type png)
<use ./graficos/graficoPCA.png>
Package pdftex.def Info: ./graficos/graficoPCA.png  used on input line 297.
(pdftex.def)             Requested size: 258.0pt x 164.41525pt.

Overfull \hbox (6.0pt too wide) in paragraph at lines 297--298
[][] 
 []


Underfull \vbox (badness 7851) has occurred while \output is active []

 [5 <./graficos/matrizConfusionAtletas.png> <./graficos/matrizConfusionAtletasSL12.png> <./graficos/metricasDTW.png>]
<./graficos/graficoPCAPredicho.png, id=45, 794.97pt x 506.6127pt>
File: ./graficos/graficoPCAPredicho.png Graphic file (type png)
<use ./graficos/graficoPCAPredicho.png>
Package pdftex.def Info: ./graficos/graficoPCAPredicho.png  used on input line 303.
(pdftex.def)             Requested size: 258.0pt x 164.41525pt.

Overfull \hbox (6.0pt too wide) in paragraph at lines 303--304
[][] 
 []

<./graficos/graficoPCAPredichoComparacion.png, id=46, 833.2731pt x 507.3354pt>
File: ./graficos/graficoPCAPredichoComparacion.png Graphic file (type png)
<use ./graficos/graficoPCAPredichoComparacion.png>
Package pdftex.def Info: ./graficos/graficoPCAPredichoComparacion.png  used on input line 309.
(pdftex.def)             Requested size: 258.0pt x 157.07881pt.

Overfull \hbox (6.0pt too wide) in paragraph at lines 309--310
[][] 
 []


Underfull \vbox (badness 10000) has occurred while \output is active []

 [6 <./graficos/graficoPCAPredicho.png> <./graficos/graficoPCAPredichoComparacion.png>]
Underfull \hbox (badness 2213) in paragraph at lines 355--356
\OT1/ptm/m/n/8 gov, K., Zolo-tykh, N., & Ivanchenko, M. (2021). Lobachevsky
 []


** Conference Paper **
Before submitting the final camera ready copy, remember to:

 1. Manually equalize the lengths of two columns on the last page
 of your paper;

 2. Ensure that any PostScript and/or PDF output post-processing
 uses only Type 1 fonts and that every step in the generation
 process uses the appropriate paper size.

[7

] (c:\Users\yanko\Documents\2024-2\Taller integrador\repositorio\Deteccion-de-anomal-as-cardiacas\build\reporte.aux)
 ***********
LaTeX2e <2023-11-01> patch level 1
L3 programming layer <2024-01-04>
 ***********


LaTeX Warning: There were multiply-defined labels.

 ) 
Here is how much of TeX's memory you used:
 4312 strings out of 474486
 72006 string characters out of 5743754
 1941542 words of memory out of 5000000
 26578 multiletter control sequences out of 15000+600000
 590267 words of font info for 87 fonts, out of 8000000 for 9000
 1141 hyphenation exceptions out of 8191
 57i,8n,65p,374b,275s stack positions out of 10000i,1000n,20000p,200000b,200000s
<C:/Users/yanko/AppData/Local/Programs/MiKTeX/fonts/type1/urw/times/utmb8a.pfb><C:/Users/yanko/AppData/Local/Programs/MiKTeX/fonts/type1/urw/times/utmbi8a.pfb><C:/Users/yanko/AppData/Local/Programs/MiKTeX/fonts/type1/urw/times/utmr8a.pfb><C:/Users/yanko/AppData/Local/Programs/MiKTeX/fonts/type1/urw/times/utmri8a.pfb>
Output written on "c:\Users\yanko\Documents\2024-2\Taller integrador\repositorio\Deteccion-de-anomal-as-cardiacas\build\reporte.pdf" (7 pages, 776178 bytes).
PDF statistics:
 75 PDF objects out of 1000 (max. 8388607)
 0 named destinations out of 1000 (max. 500000)
 76 words of extra memory for PDF output out of 10000 (max. 10000000)

